Netgen 1.5.277 compiled on Rab 21 Agu 2024 08:42:28  WIB
Warning: netgen command 'format' use fully-qualified name '::netgen::format'
Warning: netgen command 'global' use fully-qualified name '::netgen::global'
Reading netlist file /home/mthudaa/Documents/Time_Domain_Comparator_ITS/mag/tdc.ext.spc
Call to undefined subcircuit sky130_fd_pr__pfet_01v8_hvt
Creating placeholder cell definition.
Call to undefined subcircuit sky130_fd_pr__nfet_01v8
Creating placeholder cell definition.
Call to undefined subcircuit sky130_fd_pr__pfet_01v8
Creating placeholder cell definition.
Call to undefined subcircuit sky130_fd_pr__pfet_01v8_lvt
Creating placeholder cell definition.
Call to undefined subcircuit sky130_fd_pr__nfet_01v8_lvt
Creating placeholder cell definition.
Reading netlist file /home/mthudaa/Documents/Time_Domain_Comparator_ITS/mag/tdc.sch.spc
Call to undefined subcircuit phase_detector
Creating placeholder cell definition.
Call to undefined subcircuit sky130_fd_sc_hd__inv_8
Creating placeholder cell definition.
Call to undefined subcircuit delay_element
Creating placeholder cell definition.
Call to undefined subcircuit sky130_fd_pr__pfet_01v8_hvt
Creating placeholder cell definition.
Call to undefined subcircuit sky130_fd_pr__nfet_01v8
Creating placeholder cell definition.
Call to undefined subcircuit sky130_fd_pr__res_generic_po
Creating placeholder cell definition.
Call to undefined subcircuit sky130_fd_pr__special_nfet_01v8
Creating placeholder cell definition.
Call to undefined subcircuit sky130_fd_pr__diode_pw2nd_05v5
Creating placeholder cell definition.
Call to undefined subcircuit sky130_fd_pr__special_pfet_01v8_hvt
Creating placeholder cell definition.
Call to undefined subcircuit sky130_fd_sc_hd__nand2_2
Creating placeholder cell definition.
Call to undefined subcircuit sky130_fd_sc_hd__nor2_2
Creating placeholder cell definition.
Call to undefined subcircuit sky130_fd_pr__pfet_01v8
Creating placeholder cell definition.
Call to undefined subcircuit sky130_fd_pr__pfet_01v8_lvt
Creating placeholder cell definition.
Call to undefined subcircuit sky130_fd_pr__nfet_01v8_lvt
Creating placeholder cell definition.
Duplicate cell sky130_fd_sc_hd__a2bb2o_1 in file
Renaming original cell to sky130_fd_sc_hd__a2bb2o_1[[0]]
Duplicate cell sky130_fd_sc_hd__a2bb2o_2 in file
Renaming original cell to sky130_fd_sc_hd__a2bb2o_2[[0]]
Duplicate cell sky130_fd_sc_hd__a2bb2o_4 in file
Renaming original cell to sky130_fd_sc_hd__a2bb2o_4[[0]]
Duplicate cell sky130_fd_sc_hd__a2bb2oi_1 in file
Renaming original cell to sky130_fd_sc_hd__a2bb2oi_1[[0]]
Duplicate cell sky130_fd_sc_hd__a2bb2oi_2 in file
Renaming original cell to sky130_fd_sc_hd__a2bb2oi_2[[0]]
Duplicate cell sky130_fd_sc_hd__a2bb2oi_4 in file
Renaming original cell to sky130_fd_sc_hd__a2bb2oi_4[[0]]
Duplicate cell sky130_fd_sc_hd__a21bo_1 in file
Renaming original cell to sky130_fd_sc_hd__a21bo_1[[0]]
Duplicate cell sky130_fd_sc_hd__a21bo_2 in file
Renaming original cell to sky130_fd_sc_hd__a21bo_2[[0]]
Duplicate cell sky130_fd_sc_hd__a21bo_4 in file
Renaming original cell to sky130_fd_sc_hd__a21bo_4[[0]]
Duplicate cell sky130_fd_sc_hd__a21boi_0 in file
Renaming original cell to sky130_fd_sc_hd__a21boi_0[[0]]
Duplicate cell sky130_fd_sc_hd__a21boi_1 in file
Renaming original cell to sky130_fd_sc_hd__a21boi_1[[0]]
Duplicate cell sky130_fd_sc_hd__a21boi_2 in file
Renaming original cell to sky130_fd_sc_hd__a21boi_2[[0]]
Duplicate cell sky130_fd_sc_hd__a21boi_4 in file
Renaming original cell to sky130_fd_sc_hd__a21boi_4[[0]]
Duplicate cell sky130_fd_sc_hd__a21o_1 in file
Renaming original cell to sky130_fd_sc_hd__a21o_1[[0]]
Duplicate cell sky130_fd_sc_hd__a21o_2 in file
Renaming original cell to sky130_fd_sc_hd__a21o_2[[0]]
Duplicate cell sky130_fd_sc_hd__a21o_4 in file
Renaming original cell to sky130_fd_sc_hd__a21o_4[[0]]
Duplicate cell sky130_fd_sc_hd__a21oi_1 in file
Renaming original cell to sky130_fd_sc_hd__a21oi_1[[0]]
Duplicate cell sky130_fd_sc_hd__a21oi_2 in file
Renaming original cell to sky130_fd_sc_hd__a21oi_2[[0]]
Duplicate cell sky130_fd_sc_hd__a21oi_4 in file
Renaming original cell to sky130_fd_sc_hd__a21oi_4[[0]]
Duplicate cell sky130_fd_sc_hd__a22o_1 in file
Renaming original cell to sky130_fd_sc_hd__a22o_1[[0]]
Duplicate cell sky130_fd_sc_hd__a22o_2 in file
Renaming original cell to sky130_fd_sc_hd__a22o_2[[0]]
Duplicate cell sky130_fd_sc_hd__a22o_4 in file
Renaming original cell to sky130_fd_sc_hd__a22o_4[[0]]
Duplicate cell sky130_fd_sc_hd__a22oi_1 in file
Renaming original cell to sky130_fd_sc_hd__a22oi_1[[0]]
Duplicate cell sky130_fd_sc_hd__a22oi_2 in file
Renaming original cell to sky130_fd_sc_hd__a22oi_2[[0]]
Duplicate cell sky130_fd_sc_hd__a22oi_4 in file
Renaming original cell to sky130_fd_sc_hd__a22oi_4[[0]]
Duplicate cell sky130_fd_sc_hd__a31o_1 in file
Renaming original cell to sky130_fd_sc_hd__a31o_1[[0]]
Duplicate cell sky130_fd_sc_hd__a31o_2 in file
Renaming original cell to sky130_fd_sc_hd__a31o_2[[0]]
Duplicate cell sky130_fd_sc_hd__a31o_4 in file
Renaming original cell to sky130_fd_sc_hd__a31o_4[[0]]
Duplicate cell sky130_fd_sc_hd__a31oi_1 in file
Renaming original cell to sky130_fd_sc_hd__a31oi_1[[0]]
Duplicate cell sky130_fd_sc_hd__a31oi_2 in file
Renaming original cell to sky130_fd_sc_hd__a31oi_2[[0]]
Duplicate cell sky130_fd_sc_hd__a31oi_4 in file
Renaming original cell to sky130_fd_sc_hd__a31oi_4[[0]]
Duplicate cell sky130_fd_sc_hd__a32o_1 in file
Renaming original cell to sky130_fd_sc_hd__a32o_1[[0]]
Duplicate cell sky130_fd_sc_hd__a32o_2 in file
Renaming original cell to sky130_fd_sc_hd__a32o_2[[0]]
Duplicate cell sky130_fd_sc_hd__a32o_4 in file
Renaming original cell to sky130_fd_sc_hd__a32o_4[[0]]
Duplicate cell sky130_fd_sc_hd__a32oi_1 in file
Renaming original cell to sky130_fd_sc_hd__a32oi_1[[0]]
Duplicate cell sky130_fd_sc_hd__a32oi_2 in file
Renaming original cell to sky130_fd_sc_hd__a32oi_2[[0]]
Duplicate cell sky130_fd_sc_hd__a32oi_4 in file
Renaming original cell to sky130_fd_sc_hd__a32oi_4[[0]]
Duplicate cell sky130_fd_sc_hd__a41o_1 in file
Renaming original cell to sky130_fd_sc_hd__a41o_1[[0]]
Duplicate cell sky130_fd_sc_hd__a41o_2 in file
Renaming original cell to sky130_fd_sc_hd__a41o_2[[0]]
Duplicate cell sky130_fd_sc_hd__a41o_4 in file
Renaming original cell to sky130_fd_sc_hd__a41o_4[[0]]
Duplicate cell sky130_fd_sc_hd__a41oi_1 in file
Renaming original cell to sky130_fd_sc_hd__a41oi_1[[0]]
Duplicate cell sky130_fd_sc_hd__a41oi_2 in file
Renaming original cell to sky130_fd_sc_hd__a41oi_2[[0]]
Duplicate cell sky130_fd_sc_hd__a41oi_4 in file
Renaming original cell to sky130_fd_sc_hd__a41oi_4[[0]]
Duplicate cell sky130_fd_sc_hd__a211o_1 in file
Renaming original cell to sky130_fd_sc_hd__a211o_1[[0]]
Duplicate cell sky130_fd_sc_hd__a211o_2 in file
Renaming original cell to sky130_fd_sc_hd__a211o_2[[0]]
Duplicate cell sky130_fd_sc_hd__a211o_4 in file
Renaming original cell to sky130_fd_sc_hd__a211o_4[[0]]
Duplicate cell sky130_fd_sc_hd__a211oi_1 in file
Renaming original cell to sky130_fd_sc_hd__a211oi_1[[0]]
Duplicate cell sky130_fd_sc_hd__a211oi_2 in file
Renaming original cell to sky130_fd_sc_hd__a211oi_2[[0]]
Duplicate cell sky130_fd_sc_hd__a211oi_4 in file
Renaming original cell to sky130_fd_sc_hd__a211oi_4[[0]]
Duplicate cell sky130_fd_sc_hd__a221o_1 in file
Renaming original cell to sky130_fd_sc_hd__a221o_1[[0]]
Duplicate cell sky130_fd_sc_hd__a221o_2 in file
Renaming original cell to sky130_fd_sc_hd__a221o_2[[0]]
Duplicate cell sky130_fd_sc_hd__a221o_4 in file
Renaming original cell to sky130_fd_sc_hd__a221o_4[[0]]
Duplicate cell sky130_fd_sc_hd__a221oi_1 in file
Renaming original cell to sky130_fd_sc_hd__a221oi_1[[0]]
Duplicate cell sky130_fd_sc_hd__a221oi_2 in file
Renaming original cell to sky130_fd_sc_hd__a221oi_2[[0]]
Duplicate cell sky130_fd_sc_hd__a221oi_4 in file
Renaming original cell to sky130_fd_sc_hd__a221oi_4[[0]]
Duplicate cell sky130_fd_sc_hd__a222oi_1 in file
Renaming original cell to sky130_fd_sc_hd__a222oi_1[[0]]
Duplicate cell sky130_fd_sc_hd__a311o_1 in file
Renaming original cell to sky130_fd_sc_hd__a311o_1[[0]]
Duplicate cell sky130_fd_sc_hd__a311o_2 in file
Renaming original cell to sky130_fd_sc_hd__a311o_2[[0]]
Duplicate cell sky130_fd_sc_hd__a311o_4 in file
Renaming original cell to sky130_fd_sc_hd__a311o_4[[0]]
Duplicate cell sky130_fd_sc_hd__a311oi_1 in file
Renaming original cell to sky130_fd_sc_hd__a311oi_1[[0]]
Duplicate cell sky130_fd_sc_hd__a311oi_2 in file
Renaming original cell to sky130_fd_sc_hd__a311oi_2[[0]]
Duplicate cell sky130_fd_sc_hd__a311oi_4 in file
Renaming original cell to sky130_fd_sc_hd__a311oi_4[[0]]
Duplicate cell sky130_fd_sc_hd__a2111o_1 in file
Renaming original cell to sky130_fd_sc_hd__a2111o_1[[0]]
Duplicate cell sky130_fd_sc_hd__a2111o_2 in file
Renaming original cell to sky130_fd_sc_hd__a2111o_2[[0]]
Duplicate cell sky130_fd_sc_hd__a2111o_4 in file
Renaming original cell to sky130_fd_sc_hd__a2111o_4[[0]]
Duplicate cell sky130_fd_sc_hd__a2111oi_0 in file
Renaming original cell to sky130_fd_sc_hd__a2111oi_0[[0]]
Duplicate cell sky130_fd_sc_hd__a2111oi_1 in file
Renaming original cell to sky130_fd_sc_hd__a2111oi_1[[0]]
Duplicate cell sky130_fd_sc_hd__a2111oi_2 in file
Renaming original cell to sky130_fd_sc_hd__a2111oi_2[[0]]
Duplicate cell sky130_fd_sc_hd__a2111oi_4 in file
Renaming original cell to sky130_fd_sc_hd__a2111oi_4[[0]]
Duplicate cell sky130_fd_sc_hd__and2_0 in file
Renaming original cell to sky130_fd_sc_hd__and2_0[[0]]
Duplicate cell sky130_fd_sc_hd__and2_1 in file
Renaming original cell to sky130_fd_sc_hd__and2_1[[0]]
Duplicate cell sky130_fd_sc_hd__and2_2 in file
Renaming original cell to sky130_fd_sc_hd__and2_2[[0]]
Duplicate cell sky130_fd_sc_hd__and2_4 in file
Renaming original cell to sky130_fd_sc_hd__and2_4[[0]]
Duplicate cell sky130_fd_sc_hd__and2b_1 in file
Renaming original cell to sky130_fd_sc_hd__and2b_1[[0]]
Duplicate cell sky130_fd_sc_hd__and2b_2 in file
Renaming original cell to sky130_fd_sc_hd__and2b_2[[0]]
Duplicate cell sky130_fd_sc_hd__and2b_4 in file
Renaming original cell to sky130_fd_sc_hd__and2b_4[[0]]
Duplicate cell sky130_fd_sc_hd__and3_1 in file
Renaming original cell to sky130_fd_sc_hd__and3_1[[0]]
Duplicate cell sky130_fd_sc_hd__and3_2 in file
Renaming original cell to sky130_fd_sc_hd__and3_2[[0]]
Duplicate cell sky130_fd_sc_hd__and3_4 in file
Renaming original cell to sky130_fd_sc_hd__and3_4[[0]]
Duplicate cell sky130_fd_sc_hd__and3b_1 in file
Renaming original cell to sky130_fd_sc_hd__and3b_1[[0]]
Duplicate cell sky130_fd_sc_hd__and3b_2 in file
Renaming original cell to sky130_fd_sc_hd__and3b_2[[0]]
Duplicate cell sky130_fd_sc_hd__and3b_4 in file
Renaming original cell to sky130_fd_sc_hd__and3b_4[[0]]
Duplicate cell sky130_fd_sc_hd__and4_1 in file
Renaming original cell to sky130_fd_sc_hd__and4_1[[0]]
Duplicate cell sky130_fd_sc_hd__and4_2 in file
Renaming original cell to sky130_fd_sc_hd__and4_2[[0]]
Duplicate cell sky130_fd_sc_hd__and4_4 in file
Renaming original cell to sky130_fd_sc_hd__and4_4[[0]]
Duplicate cell sky130_fd_sc_hd__and4b_1 in file
Renaming original cell to sky130_fd_sc_hd__and4b_1[[0]]
Duplicate cell sky130_fd_sc_hd__and4b_2 in file
Renaming original cell to sky130_fd_sc_hd__and4b_2[[0]]
Duplicate cell sky130_fd_sc_hd__and4b_4 in file
Renaming original cell to sky130_fd_sc_hd__and4b_4[[0]]
Duplicate cell sky130_fd_sc_hd__and4bb_1 in file
Renaming original cell to sky130_fd_sc_hd__and4bb_1[[0]]
Duplicate cell sky130_fd_sc_hd__and4bb_2 in file
Renaming original cell to sky130_fd_sc_hd__and4bb_2[[0]]
Duplicate cell sky130_fd_sc_hd__and4bb_4 in file
Renaming original cell to sky130_fd_sc_hd__and4bb_4[[0]]
Duplicate cell sky130_fd_sc_hd__buf_1 in file
Renaming original cell to sky130_fd_sc_hd__buf_1[[0]]
Duplicate cell sky130_fd_sc_hd__buf_2 in file
Renaming original cell to sky130_fd_sc_hd__buf_2[[0]]
Duplicate cell sky130_fd_sc_hd__buf_4 in file
Renaming original cell to sky130_fd_sc_hd__buf_4[[0]]
Duplicate cell sky130_fd_sc_hd__buf_6 in file
Renaming original cell to sky130_fd_sc_hd__buf_6[[0]]
Duplicate cell sky130_fd_sc_hd__buf_8 in file
Renaming original cell to sky130_fd_sc_hd__buf_8[[0]]
Duplicate cell sky130_fd_sc_hd__buf_12 in file
Renaming original cell to sky130_fd_sc_hd__buf_12[[0]]
Duplicate cell sky130_fd_sc_hd__buf_16 in file
Renaming original cell to sky130_fd_sc_hd__buf_16[[0]]
Duplicate cell sky130_fd_sc_hd__bufbuf_8 in file
Renaming original cell to sky130_fd_sc_hd__bufbuf_8[[0]]
Duplicate cell sky130_fd_sc_hd__bufbuf_16 in file
Renaming original cell to sky130_fd_sc_hd__bufbuf_16[[0]]
Duplicate cell sky130_fd_sc_hd__bufinv_8 in file
Renaming original cell to sky130_fd_sc_hd__bufinv_8[[0]]
Duplicate cell sky130_fd_sc_hd__bufinv_16 in file
Renaming original cell to sky130_fd_sc_hd__bufinv_16[[0]]
Duplicate cell sky130_fd_sc_hd__clkbuf_1 in file
Renaming original cell to sky130_fd_sc_hd__clkbuf_1[[0]]
Duplicate cell sky130_fd_sc_hd__clkbuf_2 in file
Renaming original cell to sky130_fd_sc_hd__clkbuf_2[[0]]
Duplicate cell sky130_fd_sc_hd__clkbuf_4 in file
Renaming original cell to sky130_fd_sc_hd__clkbuf_4[[0]]
Duplicate cell sky130_fd_sc_hd__clkbuf_8 in file
Renaming original cell to sky130_fd_sc_hd__clkbuf_8[[0]]
Duplicate cell sky130_fd_sc_hd__clkbuf_16 in file
Renaming original cell to sky130_fd_sc_hd__clkbuf_16[[0]]
Duplicate cell sky130_fd_sc_hd__clkdlybuf4s15_1 in file
Renaming original cell to sky130_fd_sc_hd__clkdlybuf4s15_1[[0]]
Duplicate cell sky130_fd_sc_hd__clkdlybuf4s15_2 in file
Renaming original cell to sky130_fd_sc_hd__clkdlybuf4s15_2[[0]]
Duplicate cell sky130_fd_sc_hd__clkdlybuf4s18_1 in file
Renaming original cell to sky130_fd_sc_hd__clkdlybuf4s18_1[[0]]
Duplicate cell sky130_fd_sc_hd__clkdlybuf4s18_2 in file
Renaming original cell to sky130_fd_sc_hd__clkdlybuf4s18_2[[0]]
Duplicate cell sky130_fd_sc_hd__clkdlybuf4s25_1 in file
Renaming original cell to sky130_fd_sc_hd__clkdlybuf4s25_1[[0]]
Duplicate cell sky130_fd_sc_hd__clkdlybuf4s25_2 in file
Renaming original cell to sky130_fd_sc_hd__clkdlybuf4s25_2[[0]]
Duplicate cell sky130_fd_sc_hd__clkdlybuf4s50_1 in file
Renaming original cell to sky130_fd_sc_hd__clkdlybuf4s50_1[[0]]
Duplicate cell sky130_fd_sc_hd__clkdlybuf4s50_2 in file
Renaming original cell to sky130_fd_sc_hd__clkdlybuf4s50_2[[0]]
Duplicate cell sky130_fd_sc_hd__clkinv_1 in file
Renaming original cell to sky130_fd_sc_hd__clkinv_1[[0]]
Duplicate cell sky130_fd_sc_hd__clkinv_2 in file
Renaming original cell to sky130_fd_sc_hd__clkinv_2[[0]]
Duplicate cell sky130_fd_sc_hd__clkinv_4 in file
Renaming original cell to sky130_fd_sc_hd__clkinv_4[[0]]
Duplicate cell sky130_fd_sc_hd__clkinv_8 in file
Renaming original cell to sky130_fd_sc_hd__clkinv_8[[0]]
Duplicate cell sky130_fd_sc_hd__clkinv_16 in file
Renaming original cell to sky130_fd_sc_hd__clkinv_16[[0]]
Duplicate cell sky130_fd_sc_hd__clkinvlp_2 in file
Renaming original cell to sky130_fd_sc_hd__clkinvlp_2[[0]]
Duplicate cell sky130_fd_sc_hd__clkinvlp_4 in file
Renaming original cell to sky130_fd_sc_hd__clkinvlp_4[[0]]
Duplicate cell sky130_fd_sc_hd__conb_1 in file
Renaming original cell to sky130_fd_sc_hd__conb_1[[0]]
Duplicate cell sky130_fd_sc_hd__decap_3 in file
Renaming original cell to sky130_fd_sc_hd__decap_3[[0]]
Duplicate cell sky130_fd_sc_hd__decap_4 in file
Renaming original cell to sky130_fd_sc_hd__decap_4[[0]]
Duplicate cell sky130_fd_sc_hd__decap_6 in file
Renaming original cell to sky130_fd_sc_hd__decap_6[[0]]
Duplicate cell sky130_fd_sc_hd__decap_8 in file
Renaming original cell to sky130_fd_sc_hd__decap_8[[0]]
Duplicate cell sky130_fd_sc_hd__decap_12 in file
Renaming original cell to sky130_fd_sc_hd__decap_12[[0]]
Duplicate cell sky130_fd_sc_hd__dfbbn_1 in file
Renaming original cell to sky130_fd_sc_hd__dfbbn_1[[0]]
Duplicate cell sky130_fd_sc_hd__dfbbn_2 in file
Renaming original cell to sky130_fd_sc_hd__dfbbn_2[[0]]
Duplicate cell sky130_fd_sc_hd__dfbbp_1 in file
Renaming original cell to sky130_fd_sc_hd__dfbbp_1[[0]]
Duplicate cell sky130_fd_sc_hd__dfrbp_1 in file
Renaming original cell to sky130_fd_sc_hd__dfrbp_1[[0]]
Duplicate cell sky130_fd_sc_hd__dfrbp_2 in file
Renaming original cell to sky130_fd_sc_hd__dfrbp_2[[0]]
Duplicate cell sky130_fd_sc_hd__dfrtn_1 in file
Renaming original cell to sky130_fd_sc_hd__dfrtn_1[[0]]
Duplicate cell sky130_fd_sc_hd__dfrtp_1 in file
Renaming original cell to sky130_fd_sc_hd__dfrtp_1[[0]]
Duplicate cell sky130_fd_sc_hd__dfrtp_2 in file
Renaming original cell to sky130_fd_sc_hd__dfrtp_2[[0]]
Duplicate cell sky130_fd_sc_hd__dfrtp_4 in file
Renaming original cell to sky130_fd_sc_hd__dfrtp_4[[0]]
Duplicate cell sky130_fd_sc_hd__dfsbp_1 in file
Renaming original cell to sky130_fd_sc_hd__dfsbp_1[[0]]
Duplicate cell sky130_fd_sc_hd__dfsbp_2 in file
Renaming original cell to sky130_fd_sc_hd__dfsbp_2[[0]]
Duplicate cell sky130_fd_sc_hd__dfstp_1 in file
Renaming original cell to sky130_fd_sc_hd__dfstp_1[[0]]
Duplicate cell sky130_fd_sc_hd__dfstp_2 in file
Renaming original cell to sky130_fd_sc_hd__dfstp_2[[0]]
Duplicate cell sky130_fd_sc_hd__dfstp_4 in file
Renaming original cell to sky130_fd_sc_hd__dfstp_4[[0]]
Duplicate cell sky130_fd_sc_hd__dfxbp_1 in file
Renaming original cell to sky130_fd_sc_hd__dfxbp_1[[0]]
Duplicate cell sky130_fd_sc_hd__dfxbp_2 in file
Renaming original cell to sky130_fd_sc_hd__dfxbp_2[[0]]
Duplicate cell sky130_fd_sc_hd__dfxtp_1 in file
Renaming original cell to sky130_fd_sc_hd__dfxtp_1[[0]]
Duplicate cell sky130_fd_sc_hd__dfxtp_2 in file
Renaming original cell to sky130_fd_sc_hd__dfxtp_2[[0]]
Duplicate cell sky130_fd_sc_hd__dfxtp_4 in file
Renaming original cell to sky130_fd_sc_hd__dfxtp_4[[0]]
Duplicate cell sky130_fd_sc_hd__diode_2 in file
Renaming original cell to sky130_fd_sc_hd__diode_2[[0]]
Duplicate cell sky130_fd_sc_hd__dlclkp_1 in file
Renaming original cell to sky130_fd_sc_hd__dlclkp_1[[0]]
Duplicate cell sky130_fd_sc_hd__dlclkp_2 in file
Renaming original cell to sky130_fd_sc_hd__dlclkp_2[[0]]
Duplicate cell sky130_fd_sc_hd__dlclkp_4 in file
Renaming original cell to sky130_fd_sc_hd__dlclkp_4[[0]]
Duplicate cell sky130_fd_sc_hd__dlrbn_1 in file
Renaming original cell to sky130_fd_sc_hd__dlrbn_1[[0]]
Duplicate cell sky130_fd_sc_hd__dlrbn_2 in file
Renaming original cell to sky130_fd_sc_hd__dlrbn_2[[0]]
Duplicate cell sky130_fd_sc_hd__dlrbp_1 in file
Renaming original cell to sky130_fd_sc_hd__dlrbp_1[[0]]
Duplicate cell sky130_fd_sc_hd__dlrbp_2 in file
Renaming original cell to sky130_fd_sc_hd__dlrbp_2[[0]]
Duplicate cell sky130_fd_sc_hd__dlrtn_1 in file
Renaming original cell to sky130_fd_sc_hd__dlrtn_1[[0]]
Duplicate cell sky130_fd_sc_hd__dlrtn_2 in file
Renaming original cell to sky130_fd_sc_hd__dlrtn_2[[0]]
Duplicate cell sky130_fd_sc_hd__dlrtn_4 in file
Renaming original cell to sky130_fd_sc_hd__dlrtn_4[[0]]
Duplicate cell sky130_fd_sc_hd__dlrtp_1 in file
Renaming original cell to sky130_fd_sc_hd__dlrtp_1[[0]]
Duplicate cell sky130_fd_sc_hd__dlrtp_2 in file
Renaming original cell to sky130_fd_sc_hd__dlrtp_2[[0]]
Duplicate cell sky130_fd_sc_hd__dlrtp_4 in file
Renaming original cell to sky130_fd_sc_hd__dlrtp_4[[0]]
Duplicate cell sky130_fd_sc_hd__dlxbn_1 in file
Renaming original cell to sky130_fd_sc_hd__dlxbn_1[[0]]
Duplicate cell sky130_fd_sc_hd__dlxbn_2 in file
Renaming original cell to sky130_fd_sc_hd__dlxbn_2[[0]]
Duplicate cell sky130_fd_sc_hd__dlxbp_1 in file
Renaming original cell to sky130_fd_sc_hd__dlxbp_1[[0]]
Duplicate cell sky130_fd_sc_hd__dlxtn_1 in file
Renaming original cell to sky130_fd_sc_hd__dlxtn_1[[0]]
Duplicate cell sky130_fd_sc_hd__dlxtn_2 in file
Renaming original cell to sky130_fd_sc_hd__dlxtn_2[[0]]
Duplicate cell sky130_fd_sc_hd__dlxtn_4 in file
Renaming original cell to sky130_fd_sc_hd__dlxtn_4[[0]]
Duplicate cell sky130_fd_sc_hd__dlxtp_1 in file
Renaming original cell to sky130_fd_sc_hd__dlxtp_1[[0]]
Duplicate cell sky130_fd_sc_hd__dlygate4sd1_1 in file
Renaming original cell to sky130_fd_sc_hd__dlygate4sd1_1[[0]]
Duplicate cell sky130_fd_sc_hd__dlygate4sd2_1 in file
Renaming original cell to sky130_fd_sc_hd__dlygate4sd2_1[[0]]
Duplicate cell sky130_fd_sc_hd__dlygate4sd3_1 in file
Renaming original cell to sky130_fd_sc_hd__dlygate4sd3_1[[0]]
Duplicate cell sky130_fd_sc_hd__dlymetal6s2s_1 in file
Renaming original cell to sky130_fd_sc_hd__dlymetal6s2s_1[[0]]
Duplicate cell sky130_fd_sc_hd__dlymetal6s4s_1 in file
Renaming original cell to sky130_fd_sc_hd__dlymetal6s4s_1[[0]]
Duplicate cell sky130_fd_sc_hd__dlymetal6s6s_1 in file
Renaming original cell to sky130_fd_sc_hd__dlymetal6s6s_1[[0]]
Duplicate cell sky130_fd_sc_hd__ebufn_1 in file
Renaming original cell to sky130_fd_sc_hd__ebufn_1[[0]]
Duplicate cell sky130_fd_sc_hd__ebufn_2 in file
Renaming original cell to sky130_fd_sc_hd__ebufn_2[[0]]
Duplicate cell sky130_fd_sc_hd__ebufn_4 in file
Renaming original cell to sky130_fd_sc_hd__ebufn_4[[0]]
Duplicate cell sky130_fd_sc_hd__ebufn_8 in file
Renaming original cell to sky130_fd_sc_hd__ebufn_8[[0]]
Duplicate cell sky130_fd_sc_hd__edfxbp_1 in file
Renaming original cell to sky130_fd_sc_hd__edfxbp_1[[0]]
Duplicate cell sky130_fd_sc_hd__edfxtp_1 in file
Renaming original cell to sky130_fd_sc_hd__edfxtp_1[[0]]
Duplicate cell sky130_fd_sc_hd__einvn_0 in file
Renaming original cell to sky130_fd_sc_hd__einvn_0[[0]]
Duplicate cell sky130_fd_sc_hd__einvn_1 in file
Renaming original cell to sky130_fd_sc_hd__einvn_1[[0]]
Duplicate cell sky130_fd_sc_hd__einvn_2 in file
Renaming original cell to sky130_fd_sc_hd__einvn_2[[0]]
Duplicate cell sky130_fd_sc_hd__einvn_4 in file
Renaming original cell to sky130_fd_sc_hd__einvn_4[[0]]
Duplicate cell sky130_fd_sc_hd__einvn_8 in file
Renaming original cell to sky130_fd_sc_hd__einvn_8[[0]]
Duplicate cell sky130_fd_sc_hd__einvp_1 in file
Renaming original cell to sky130_fd_sc_hd__einvp_1[[0]]
Duplicate cell sky130_fd_sc_hd__einvp_2 in file
Renaming original cell to sky130_fd_sc_hd__einvp_2[[0]]
Duplicate cell sky130_fd_sc_hd__einvp_4 in file
Renaming original cell to sky130_fd_sc_hd__einvp_4[[0]]
Duplicate cell sky130_fd_sc_hd__einvp_8 in file
Renaming original cell to sky130_fd_sc_hd__einvp_8[[0]]
Duplicate cell sky130_fd_sc_hd__fa_1 in file
Renaming original cell to sky130_fd_sc_hd__fa_1[[0]]
Duplicate cell sky130_fd_sc_hd__fa_2 in file
Renaming original cell to sky130_fd_sc_hd__fa_2[[0]]
Duplicate cell sky130_fd_sc_hd__fa_4 in file
Renaming original cell to sky130_fd_sc_hd__fa_4[[0]]
Duplicate cell sky130_fd_sc_hd__fah_1 in file
Renaming original cell to sky130_fd_sc_hd__fah_1[[0]]
Duplicate cell sky130_fd_sc_hd__fahcin_1 in file
Renaming original cell to sky130_fd_sc_hd__fahcin_1[[0]]
Duplicate cell sky130_fd_sc_hd__fahcon_1 in file
Renaming original cell to sky130_fd_sc_hd__fahcon_1[[0]]
Duplicate cell sky130_fd_sc_hd__fill_1 in file
Renaming original cell to sky130_fd_sc_hd__fill_1[[0]]
Duplicate cell sky130_fd_sc_hd__fill_2 in file
Renaming original cell to sky130_fd_sc_hd__fill_2[[0]]
Duplicate cell sky130_fd_sc_hd__fill_4 in file
Renaming original cell to sky130_fd_sc_hd__fill_4[[0]]
Duplicate cell sky130_fd_sc_hd__fill_8 in file
Renaming original cell to sky130_fd_sc_hd__fill_8[[0]]
Duplicate cell sky130_fd_sc_hd__ha_1 in file
Renaming original cell to sky130_fd_sc_hd__ha_1[[0]]
Duplicate cell sky130_fd_sc_hd__ha_2 in file
Renaming original cell to sky130_fd_sc_hd__ha_2[[0]]
Duplicate cell sky130_fd_sc_hd__ha_4 in file
Renaming original cell to sky130_fd_sc_hd__ha_4[[0]]
Duplicate cell sky130_fd_sc_hd__inv_1 in file
Renaming original cell to sky130_fd_sc_hd__inv_1[[0]]
Duplicate cell sky130_fd_sc_hd__inv_2 in file
Renaming original cell to sky130_fd_sc_hd__inv_2[[0]]
Duplicate cell sky130_fd_sc_hd__inv_4 in file
Renaming original cell to sky130_fd_sc_hd__inv_4[[0]]
Duplicate cell sky130_fd_sc_hd__inv_6 in file
Renaming original cell to sky130_fd_sc_hd__inv_6[[0]]
Duplicate cell sky130_fd_sc_hd__inv_8 in file
Renaming original cell to sky130_fd_sc_hd__inv_8[[0]]
Duplicate cell sky130_fd_sc_hd__inv_12 in file
Renaming original cell to sky130_fd_sc_hd__inv_12[[0]]
Duplicate cell sky130_fd_sc_hd__inv_16 in file
Renaming original cell to sky130_fd_sc_hd__inv_16[[0]]
Duplicate cell sky130_fd_sc_hd__lpflow_bleeder_1 in file
Renaming original cell to sky130_fd_sc_hd__lpflow_bleeder_1[[0]]
Duplicate cell sky130_fd_sc_hd__lpflow_clkbufkapwr_1 in file
Renaming original cell to sky130_fd_sc_hd__lpflow_clkbufkapwr_1[[0]]
Duplicate cell sky130_fd_sc_hd__lpflow_clkbufkapwr_2 in file
Renaming original cell to sky130_fd_sc_hd__lpflow_clkbufkapwr_2[[0]]
Duplicate cell sky130_fd_sc_hd__lpflow_clkbufkapwr_4 in file
Renaming original cell to sky130_fd_sc_hd__lpflow_clkbufkapwr_4[[0]]
Duplicate cell sky130_fd_sc_hd__lpflow_clkbufkapwr_8 in file
Renaming original cell to sky130_fd_sc_hd__lpflow_clkbufkapwr_8[[0]]
Duplicate cell sky130_fd_sc_hd__lpflow_clkbufkapwr_16 in file
Renaming original cell to sky130_fd_sc_hd__lpflow_clkbufkapwr_16[[0]]
Duplicate cell sky130_fd_sc_hd__lpflow_clkinvkapwr_1 in file
Renaming original cell to sky130_fd_sc_hd__lpflow_clkinvkapwr_1[[0]]
Duplicate cell sky130_fd_sc_hd__lpflow_clkinvkapwr_2 in file
Renaming original cell to sky130_fd_sc_hd__lpflow_clkinvkapwr_2[[0]]
Duplicate cell sky130_fd_sc_hd__lpflow_clkinvkapwr_4 in file
Renaming original cell to sky130_fd_sc_hd__lpflow_clkinvkapwr_4[[0]]
Duplicate cell sky130_fd_sc_hd__lpflow_clkinvkapwr_8 in file
Renaming original cell to sky130_fd_sc_hd__lpflow_clkinvkapwr_8[[0]]
Duplicate cell sky130_fd_sc_hd__lpflow_clkinvkapwr_16 in file
Renaming original cell to sky130_fd_sc_hd__lpflow_clkinvkapwr_16[[0]]
Duplicate cell sky130_fd_sc_hd__lpflow_decapkapwr_3 in file
Renaming original cell to sky130_fd_sc_hd__lpflow_decapkapwr_3[[0]]
Duplicate cell sky130_fd_sc_hd__lpflow_decapkapwr_4 in file
Renaming original cell to sky130_fd_sc_hd__lpflow_decapkapwr_4[[0]]
Duplicate cell sky130_fd_sc_hd__lpflow_decapkapwr_6 in file
Renaming original cell to sky130_fd_sc_hd__lpflow_decapkapwr_6[[0]]
Duplicate cell sky130_fd_sc_hd__lpflow_decapkapwr_8 in file
Renaming original cell to sky130_fd_sc_hd__lpflow_decapkapwr_8[[0]]
Duplicate cell sky130_fd_sc_hd__lpflow_decapkapwr_12 in file
Renaming original cell to sky130_fd_sc_hd__lpflow_decapkapwr_12[[0]]
Duplicate cell sky130_fd_sc_hd__lpflow_inputiso0n_1 in file
Renaming original cell to sky130_fd_sc_hd__lpflow_inputiso0n_1[[0]]
Duplicate cell sky130_fd_sc_hd__lpflow_inputiso0p_1 in file
Renaming original cell to sky130_fd_sc_hd__lpflow_inputiso0p_1[[0]]
Duplicate cell sky130_fd_sc_hd__lpflow_inputiso1n_1 in file
Renaming original cell to sky130_fd_sc_hd__lpflow_inputiso1n_1[[0]]
Duplicate cell sky130_fd_sc_hd__lpflow_inputiso1p_1 in file
Renaming original cell to sky130_fd_sc_hd__lpflow_inputiso1p_1[[0]]
Duplicate cell sky130_fd_sc_hd__lpflow_inputisolatch_1 in file
Renaming original cell to sky130_fd_sc_hd__lpflow_inputisolatch_1[[0]]
Duplicate cell sky130_fd_sc_hd__lpflow_isobufsrc_1 in file
Renaming original cell to sky130_fd_sc_hd__lpflow_isobufsrc_1[[0]]
Duplicate cell sky130_fd_sc_hd__lpflow_isobufsrc_2 in file
Renaming original cell to sky130_fd_sc_hd__lpflow_isobufsrc_2[[0]]
Duplicate cell sky130_fd_sc_hd__lpflow_isobufsrc_4 in file
Renaming original cell to sky130_fd_sc_hd__lpflow_isobufsrc_4[[0]]
Duplicate cell sky130_fd_sc_hd__lpflow_isobufsrc_8 in file
Renaming original cell to sky130_fd_sc_hd__lpflow_isobufsrc_8[[0]]
Duplicate cell sky130_fd_sc_hd__lpflow_isobufsrc_16 in file
Renaming original cell to sky130_fd_sc_hd__lpflow_isobufsrc_16[[0]]
Duplicate cell sky130_fd_sc_hd__lpflow_isobufsrckapwr_16 in file
Renaming original cell to sky130_fd_sc_hd__lpflow_isobufsrckapwr_16[[0]]
Duplicate cell sky130_fd_sc_hd__lpflow_lsbuf_lh_hl_isowell_tap_1 in file
Renaming original cell to sky130_fd_sc_hd__lpflow_lsbuf_lh_hl_isowell_tap_1[[0]]
Duplicate cell sky130_fd_sc_hd__lpflow_lsbuf_lh_hl_isowell_tap_2 in file
Renaming original cell to sky130_fd_sc_hd__lpflow_lsbuf_lh_hl_isowell_tap_2[[0]]
Duplicate cell sky130_fd_sc_hd__lpflow_lsbuf_lh_hl_isowell_tap_4 in file
Renaming original cell to sky130_fd_sc_hd__lpflow_lsbuf_lh_hl_isowell_tap_4[[0]]
Duplicate cell sky130_fd_sc_hd__lpflow_lsbuf_lh_isowell_4 in file
Renaming original cell to sky130_fd_sc_hd__lpflow_lsbuf_lh_isowell_4[[0]]
Duplicate cell sky130_fd_sc_hd__lpflow_lsbuf_lh_isowell_tap_1 in file
Renaming original cell to sky130_fd_sc_hd__lpflow_lsbuf_lh_isowell_tap_1[[0]]
Duplicate cell sky130_fd_sc_hd__lpflow_lsbuf_lh_isowell_tap_2 in file
Renaming original cell to sky130_fd_sc_hd__lpflow_lsbuf_lh_isowell_tap_2[[0]]
Duplicate cell sky130_fd_sc_hd__lpflow_lsbuf_lh_isowell_tap_4 in file
Renaming original cell to sky130_fd_sc_hd__lpflow_lsbuf_lh_isowell_tap_4[[0]]
Duplicate cell sky130_fd_sc_hd__macro_sparecell in file
Renaming original cell to sky130_fd_sc_hd__macro_sparecell[[0]]
Duplicate cell sky130_fd_sc_hd__maj3_1 in file
Renaming original cell to sky130_fd_sc_hd__maj3_1[[0]]
Duplicate cell sky130_fd_sc_hd__maj3_2 in file
Renaming original cell to sky130_fd_sc_hd__maj3_2[[0]]
Duplicate cell sky130_fd_sc_hd__maj3_4 in file
Renaming original cell to sky130_fd_sc_hd__maj3_4[[0]]
Duplicate cell sky130_fd_sc_hd__mux2_1 in file
Renaming original cell to sky130_fd_sc_hd__mux2_1[[0]]
Duplicate cell sky130_fd_sc_hd__mux2_2 in file
Renaming original cell to sky130_fd_sc_hd__mux2_2[[0]]
Duplicate cell sky130_fd_sc_hd__mux2_4 in file
Renaming original cell to sky130_fd_sc_hd__mux2_4[[0]]
Duplicate cell sky130_fd_sc_hd__mux2_8 in file
Renaming original cell to sky130_fd_sc_hd__mux2_8[[0]]
Duplicate cell sky130_fd_sc_hd__mux2i_1 in file
Renaming original cell to sky130_fd_sc_hd__mux2i_1[[0]]
Duplicate cell sky130_fd_sc_hd__mux2i_2 in file
Renaming original cell to sky130_fd_sc_hd__mux2i_2[[0]]
Duplicate cell sky130_fd_sc_hd__mux2i_4 in file
Renaming original cell to sky130_fd_sc_hd__mux2i_4[[0]]
Duplicate cell sky130_fd_sc_hd__mux4_1 in file
Renaming original cell to sky130_fd_sc_hd__mux4_1[[0]]
Duplicate cell sky130_fd_sc_hd__mux4_2 in file
Renaming original cell to sky130_fd_sc_hd__mux4_2[[0]]
Duplicate cell sky130_fd_sc_hd__mux4_4 in file
Renaming original cell to sky130_fd_sc_hd__mux4_4[[0]]
Duplicate cell sky130_fd_sc_hd__nand2_1 in file
Renaming original cell to sky130_fd_sc_hd__nand2_1[[0]]
Duplicate cell sky130_fd_sc_hd__nand2_2 in file
Renaming original cell to sky130_fd_sc_hd__nand2_2[[0]]
Duplicate cell sky130_fd_sc_hd__nand2_4 in file
Renaming original cell to sky130_fd_sc_hd__nand2_4[[0]]
Duplicate cell sky130_fd_sc_hd__nand2_8 in file
Renaming original cell to sky130_fd_sc_hd__nand2_8[[0]]
Duplicate cell sky130_fd_sc_hd__nand2b_1 in file
Renaming original cell to sky130_fd_sc_hd__nand2b_1[[0]]
Duplicate cell sky130_fd_sc_hd__nand2b_2 in file
Renaming original cell to sky130_fd_sc_hd__nand2b_2[[0]]
Duplicate cell sky130_fd_sc_hd__nand2b_4 in file
Renaming original cell to sky130_fd_sc_hd__nand2b_4[[0]]
Duplicate cell sky130_fd_sc_hd__nand3_1 in file
Renaming original cell to sky130_fd_sc_hd__nand3_1[[0]]
Duplicate cell sky130_fd_sc_hd__nand3_2 in file
Renaming original cell to sky130_fd_sc_hd__nand3_2[[0]]
Duplicate cell sky130_fd_sc_hd__nand3_4 in file
Renaming original cell to sky130_fd_sc_hd__nand3_4[[0]]
Duplicate cell sky130_fd_sc_hd__nand3b_1 in file
Renaming original cell to sky130_fd_sc_hd__nand3b_1[[0]]
Duplicate cell sky130_fd_sc_hd__nand3b_2 in file
Renaming original cell to sky130_fd_sc_hd__nand3b_2[[0]]
Duplicate cell sky130_fd_sc_hd__nand3b_4 in file
Renaming original cell to sky130_fd_sc_hd__nand3b_4[[0]]
Duplicate cell sky130_fd_sc_hd__nand4_1 in file
Renaming original cell to sky130_fd_sc_hd__nand4_1[[0]]
Duplicate cell sky130_fd_sc_hd__nand4_2 in file
Renaming original cell to sky130_fd_sc_hd__nand4_2[[0]]
Duplicate cell sky130_fd_sc_hd__nand4_4 in file
Renaming original cell to sky130_fd_sc_hd__nand4_4[[0]]
Duplicate cell sky130_fd_sc_hd__nand4b_1 in file
Renaming original cell to sky130_fd_sc_hd__nand4b_1[[0]]
Duplicate cell sky130_fd_sc_hd__nand4b_2 in file
Renaming original cell to sky130_fd_sc_hd__nand4b_2[[0]]
Duplicate cell sky130_fd_sc_hd__nand4b_4 in file
Renaming original cell to sky130_fd_sc_hd__nand4b_4[[0]]
Duplicate cell sky130_fd_sc_hd__nand4bb_1 in file
Renaming original cell to sky130_fd_sc_hd__nand4bb_1[[0]]
Duplicate cell sky130_fd_sc_hd__nand4bb_2 in file
Renaming original cell to sky130_fd_sc_hd__nand4bb_2[[0]]
Duplicate cell sky130_fd_sc_hd__nand4bb_4 in file
Renaming original cell to sky130_fd_sc_hd__nand4bb_4[[0]]
Duplicate cell sky130_fd_sc_hd__nor2_1 in file
Renaming original cell to sky130_fd_sc_hd__nor2_1[[0]]
Duplicate cell sky130_fd_sc_hd__nor2_2 in file
Renaming original cell to sky130_fd_sc_hd__nor2_2[[0]]
Duplicate cell sky130_fd_sc_hd__nor2_4 in file
Renaming original cell to sky130_fd_sc_hd__nor2_4[[0]]
Duplicate cell sky130_fd_sc_hd__nor2_8 in file
Renaming original cell to sky130_fd_sc_hd__nor2_8[[0]]
Duplicate cell sky130_fd_sc_hd__nor2b_1 in file
Renaming original cell to sky130_fd_sc_hd__nor2b_1[[0]]
Duplicate cell sky130_fd_sc_hd__nor2b_2 in file
Renaming original cell to sky130_fd_sc_hd__nor2b_2[[0]]
Duplicate cell sky130_fd_sc_hd__nor2b_4 in file
Renaming original cell to sky130_fd_sc_hd__nor2b_4[[0]]
Duplicate cell sky130_fd_sc_hd__nor3_1 in file
Renaming original cell to sky130_fd_sc_hd__nor3_1[[0]]
Duplicate cell sky130_fd_sc_hd__nor3_2 in file
Renaming original cell to sky130_fd_sc_hd__nor3_2[[0]]
Duplicate cell sky130_fd_sc_hd__nor3_4 in file
Renaming original cell to sky130_fd_sc_hd__nor3_4[[0]]
Duplicate cell sky130_fd_sc_hd__nor3b_1 in file
Renaming original cell to sky130_fd_sc_hd__nor3b_1[[0]]
Duplicate cell sky130_fd_sc_hd__nor3b_2 in file
Renaming original cell to sky130_fd_sc_hd__nor3b_2[[0]]
Duplicate cell sky130_fd_sc_hd__nor3b_4 in file
Renaming original cell to sky130_fd_sc_hd__nor3b_4[[0]]
Duplicate cell sky130_fd_sc_hd__nor4_1 in file
Renaming original cell to sky130_fd_sc_hd__nor4_1[[0]]
Duplicate cell sky130_fd_sc_hd__nor4_2 in file
Renaming original cell to sky130_fd_sc_hd__nor4_2[[0]]
Duplicate cell sky130_fd_sc_hd__nor4_4 in file
Renaming original cell to sky130_fd_sc_hd__nor4_4[[0]]
Duplicate cell sky130_fd_sc_hd__nor4b_1 in file
Renaming original cell to sky130_fd_sc_hd__nor4b_1[[0]]
Duplicate cell sky130_fd_sc_hd__nor4b_2 in file
Renaming original cell to sky130_fd_sc_hd__nor4b_2[[0]]
Duplicate cell sky130_fd_sc_hd__nor4b_4 in file
Renaming original cell to sky130_fd_sc_hd__nor4b_4[[0]]
Duplicate cell sky130_fd_sc_hd__nor4bb_1 in file
Renaming original cell to sky130_fd_sc_hd__nor4bb_1[[0]]
Duplicate cell sky130_fd_sc_hd__nor4bb_2 in file
Renaming original cell to sky130_fd_sc_hd__nor4bb_2[[0]]
Duplicate cell sky130_fd_sc_hd__nor4bb_4 in file
Renaming original cell to sky130_fd_sc_hd__nor4bb_4[[0]]
Duplicate cell sky130_fd_sc_hd__o2bb2a_1 in file
Renaming original cell to sky130_fd_sc_hd__o2bb2a_1[[0]]
Duplicate cell sky130_fd_sc_hd__o2bb2a_2 in file
Renaming original cell to sky130_fd_sc_hd__o2bb2a_2[[0]]
Duplicate cell sky130_fd_sc_hd__o2bb2a_4 in file
Renaming original cell to sky130_fd_sc_hd__o2bb2a_4[[0]]
Duplicate cell sky130_fd_sc_hd__o2bb2ai_1 in file
Renaming original cell to sky130_fd_sc_hd__o2bb2ai_1[[0]]
Duplicate cell sky130_fd_sc_hd__o2bb2ai_2 in file
Renaming original cell to sky130_fd_sc_hd__o2bb2ai_2[[0]]
Duplicate cell sky130_fd_sc_hd__o2bb2ai_4 in file
Renaming original cell to sky130_fd_sc_hd__o2bb2ai_4[[0]]
Duplicate cell sky130_fd_sc_hd__o21a_1 in file
Renaming original cell to sky130_fd_sc_hd__o21a_1[[0]]
Duplicate cell sky130_fd_sc_hd__o21a_2 in file
Renaming original cell to sky130_fd_sc_hd__o21a_2[[0]]
Duplicate cell sky130_fd_sc_hd__o21a_4 in file
Renaming original cell to sky130_fd_sc_hd__o21a_4[[0]]
Duplicate cell sky130_fd_sc_hd__o21ai_0 in file
Renaming original cell to sky130_fd_sc_hd__o21ai_0[[0]]
Duplicate cell sky130_fd_sc_hd__o21ai_1 in file
Renaming original cell to sky130_fd_sc_hd__o21ai_1[[0]]
Duplicate cell sky130_fd_sc_hd__o21ai_2 in file
Renaming original cell to sky130_fd_sc_hd__o21ai_2[[0]]
Duplicate cell sky130_fd_sc_hd__o21ai_4 in file
Renaming original cell to sky130_fd_sc_hd__o21ai_4[[0]]
Duplicate cell sky130_fd_sc_hd__o21ba_1 in file
Renaming original cell to sky130_fd_sc_hd__o21ba_1[[0]]
Duplicate cell sky130_fd_sc_hd__o21ba_2 in file
Renaming original cell to sky130_fd_sc_hd__o21ba_2[[0]]
Duplicate cell sky130_fd_sc_hd__o21ba_4 in file
Renaming original cell to sky130_fd_sc_hd__o21ba_4[[0]]
Duplicate cell sky130_fd_sc_hd__o21bai_1 in file
Renaming original cell to sky130_fd_sc_hd__o21bai_1[[0]]
Duplicate cell sky130_fd_sc_hd__o21bai_2 in file
Renaming original cell to sky130_fd_sc_hd__o21bai_2[[0]]
Duplicate cell sky130_fd_sc_hd__o21bai_4 in file
Renaming original cell to sky130_fd_sc_hd__o21bai_4[[0]]
Duplicate cell sky130_fd_sc_hd__o22a_1 in file
Renaming original cell to sky130_fd_sc_hd__o22a_1[[0]]
Duplicate cell sky130_fd_sc_hd__o22a_2 in file
Renaming original cell to sky130_fd_sc_hd__o22a_2[[0]]
Duplicate cell sky130_fd_sc_hd__o22a_4 in file
Renaming original cell to sky130_fd_sc_hd__o22a_4[[0]]
Duplicate cell sky130_fd_sc_hd__o22ai_1 in file
Renaming original cell to sky130_fd_sc_hd__o22ai_1[[0]]
Duplicate cell sky130_fd_sc_hd__o22ai_2 in file
Renaming original cell to sky130_fd_sc_hd__o22ai_2[[0]]
Duplicate cell sky130_fd_sc_hd__o22ai_4 in file
Renaming original cell to sky130_fd_sc_hd__o22ai_4[[0]]
Duplicate cell sky130_fd_sc_hd__o31a_1 in file
Renaming original cell to sky130_fd_sc_hd__o31a_1[[0]]
Duplicate cell sky130_fd_sc_hd__o31a_2 in file
Renaming original cell to sky130_fd_sc_hd__o31a_2[[0]]
Duplicate cell sky130_fd_sc_hd__o31a_4 in file
Renaming original cell to sky130_fd_sc_hd__o31a_4[[0]]
Duplicate cell sky130_fd_sc_hd__o31ai_1 in file
Renaming original cell to sky130_fd_sc_hd__o31ai_1[[0]]
Duplicate cell sky130_fd_sc_hd__o31ai_2 in file
Renaming original cell to sky130_fd_sc_hd__o31ai_2[[0]]
Duplicate cell sky130_fd_sc_hd__o31ai_4 in file
Renaming original cell to sky130_fd_sc_hd__o31ai_4[[0]]
Duplicate cell sky130_fd_sc_hd__o32a_1 in file
Renaming original cell to sky130_fd_sc_hd__o32a_1[[0]]
Duplicate cell sky130_fd_sc_hd__o32a_2 in file
Renaming original cell to sky130_fd_sc_hd__o32a_2[[0]]
Duplicate cell sky130_fd_sc_hd__o32a_4 in file
Renaming original cell to sky130_fd_sc_hd__o32a_4[[0]]
Duplicate cell sky130_fd_sc_hd__o32ai_1 in file
Renaming original cell to sky130_fd_sc_hd__o32ai_1[[0]]
Duplicate cell sky130_fd_sc_hd__o32ai_2 in file
Renaming original cell to sky130_fd_sc_hd__o32ai_2[[0]]
Duplicate cell sky130_fd_sc_hd__o32ai_4 in file
Renaming original cell to sky130_fd_sc_hd__o32ai_4[[0]]
Duplicate cell sky130_fd_sc_hd__o41a_1 in file
Renaming original cell to sky130_fd_sc_hd__o41a_1[[0]]
Duplicate cell sky130_fd_sc_hd__o41a_2 in file
Renaming original cell to sky130_fd_sc_hd__o41a_2[[0]]
Duplicate cell sky130_fd_sc_hd__o41a_4 in file
Renaming original cell to sky130_fd_sc_hd__o41a_4[[0]]
Duplicate cell sky130_fd_sc_hd__o41ai_1 in file
Renaming original cell to sky130_fd_sc_hd__o41ai_1[[0]]
Duplicate cell sky130_fd_sc_hd__o41ai_2 in file
Renaming original cell to sky130_fd_sc_hd__o41ai_2[[0]]
Duplicate cell sky130_fd_sc_hd__o41ai_4 in file
Renaming original cell to sky130_fd_sc_hd__o41ai_4[[0]]
Duplicate cell sky130_fd_sc_hd__o211a_1 in file
Renaming original cell to sky130_fd_sc_hd__o211a_1[[0]]
Duplicate cell sky130_fd_sc_hd__o211a_2 in file
Renaming original cell to sky130_fd_sc_hd__o211a_2[[0]]
Duplicate cell sky130_fd_sc_hd__o211a_4 in file
Renaming original cell to sky130_fd_sc_hd__o211a_4[[0]]
Duplicate cell sky130_fd_sc_hd__o211ai_1 in file
Renaming original cell to sky130_fd_sc_hd__o211ai_1[[0]]
Duplicate cell sky130_fd_sc_hd__o211ai_2 in file
Renaming original cell to sky130_fd_sc_hd__o211ai_2[[0]]
Duplicate cell sky130_fd_sc_hd__o211ai_4 in file
Renaming original cell to sky130_fd_sc_hd__o211ai_4[[0]]
Duplicate cell sky130_fd_sc_hd__o221a_1 in file
Renaming original cell to sky130_fd_sc_hd__o221a_1[[0]]
Duplicate cell sky130_fd_sc_hd__o221a_2 in file
Renaming original cell to sky130_fd_sc_hd__o221a_2[[0]]
Duplicate cell sky130_fd_sc_hd__o221a_4 in file
Renaming original cell to sky130_fd_sc_hd__o221a_4[[0]]
Duplicate cell sky130_fd_sc_hd__o221ai_1 in file
Renaming original cell to sky130_fd_sc_hd__o221ai_1[[0]]
Duplicate cell sky130_fd_sc_hd__o221ai_2 in file
Renaming original cell to sky130_fd_sc_hd__o221ai_2[[0]]
Duplicate cell sky130_fd_sc_hd__o221ai_4 in file
Renaming original cell to sky130_fd_sc_hd__o221ai_4[[0]]
Duplicate cell sky130_fd_sc_hd__o311a_1 in file
Renaming original cell to sky130_fd_sc_hd__o311a_1[[0]]
Duplicate cell sky130_fd_sc_hd__o311a_2 in file
Renaming original cell to sky130_fd_sc_hd__o311a_2[[0]]
Duplicate cell sky130_fd_sc_hd__o311a_4 in file
Renaming original cell to sky130_fd_sc_hd__o311a_4[[0]]
Duplicate cell sky130_fd_sc_hd__o311ai_0 in file
Renaming original cell to sky130_fd_sc_hd__o311ai_0[[0]]
Duplicate cell sky130_fd_sc_hd__o311ai_1 in file
Renaming original cell to sky130_fd_sc_hd__o311ai_1[[0]]
Duplicate cell sky130_fd_sc_hd__o311ai_2 in file
Renaming original cell to sky130_fd_sc_hd__o311ai_2[[0]]
Duplicate cell sky130_fd_sc_hd__o311ai_4 in file
Renaming original cell to sky130_fd_sc_hd__o311ai_4[[0]]
Duplicate cell sky130_fd_sc_hd__o2111a_1 in file
Renaming original cell to sky130_fd_sc_hd__o2111a_1[[0]]
Duplicate cell sky130_fd_sc_hd__o2111a_2 in file
Renaming original cell to sky130_fd_sc_hd__o2111a_2[[0]]
Duplicate cell sky130_fd_sc_hd__o2111a_4 in file
Renaming original cell to sky130_fd_sc_hd__o2111a_4[[0]]
Duplicate cell sky130_fd_sc_hd__o2111ai_1 in file
Renaming original cell to sky130_fd_sc_hd__o2111ai_1[[0]]
Duplicate cell sky130_fd_sc_hd__o2111ai_2 in file
Renaming original cell to sky130_fd_sc_hd__o2111ai_2[[0]]
Duplicate cell sky130_fd_sc_hd__o2111ai_4 in file
Renaming original cell to sky130_fd_sc_hd__o2111ai_4[[0]]
Duplicate cell sky130_fd_sc_hd__or2_0 in file
Renaming original cell to sky130_fd_sc_hd__or2_0[[0]]
Duplicate cell sky130_fd_sc_hd__or2_1 in file
Renaming original cell to sky130_fd_sc_hd__or2_1[[0]]
Duplicate cell sky130_fd_sc_hd__or2_2 in file
Renaming original cell to sky130_fd_sc_hd__or2_2[[0]]
Duplicate cell sky130_fd_sc_hd__or2_4 in file
Renaming original cell to sky130_fd_sc_hd__or2_4[[0]]
Duplicate cell sky130_fd_sc_hd__or2b_1 in file
Renaming original cell to sky130_fd_sc_hd__or2b_1[[0]]
Duplicate cell sky130_fd_sc_hd__or2b_2 in file
Renaming original cell to sky130_fd_sc_hd__or2b_2[[0]]
Duplicate cell sky130_fd_sc_hd__or2b_4 in file
Renaming original cell to sky130_fd_sc_hd__or2b_4[[0]]
Duplicate cell sky130_fd_sc_hd__or3_1 in file
Renaming original cell to sky130_fd_sc_hd__or3_1[[0]]
Duplicate cell sky130_fd_sc_hd__or3_2 in file
Renaming original cell to sky130_fd_sc_hd__or3_2[[0]]
Duplicate cell sky130_fd_sc_hd__or3_4 in file
Renaming original cell to sky130_fd_sc_hd__or3_4[[0]]
Duplicate cell sky130_fd_sc_hd__or3b_1 in file
Renaming original cell to sky130_fd_sc_hd__or3b_1[[0]]
Duplicate cell sky130_fd_sc_hd__or3b_2 in file
Renaming original cell to sky130_fd_sc_hd__or3b_2[[0]]
Duplicate cell sky130_fd_sc_hd__or3b_4 in file
Renaming original cell to sky130_fd_sc_hd__or3b_4[[0]]
Duplicate cell sky130_fd_sc_hd__or4_1 in file
Renaming original cell to sky130_fd_sc_hd__or4_1[[0]]
Duplicate cell sky130_fd_sc_hd__or4_2 in file
Renaming original cell to sky130_fd_sc_hd__or4_2[[0]]
Duplicate cell sky130_fd_sc_hd__or4_4 in file
Renaming original cell to sky130_fd_sc_hd__or4_4[[0]]
Duplicate cell sky130_fd_sc_hd__or4b_1 in file
Renaming original cell to sky130_fd_sc_hd__or4b_1[[0]]
Duplicate cell sky130_fd_sc_hd__or4b_2 in file
Renaming original cell to sky130_fd_sc_hd__or4b_2[[0]]
Duplicate cell sky130_fd_sc_hd__or4b_4 in file
Renaming original cell to sky130_fd_sc_hd__or4b_4[[0]]
Duplicate cell sky130_fd_sc_hd__or4bb_1 in file
Renaming original cell to sky130_fd_sc_hd__or4bb_1[[0]]
Duplicate cell sky130_fd_sc_hd__or4bb_2 in file
Renaming original cell to sky130_fd_sc_hd__or4bb_2[[0]]
Duplicate cell sky130_fd_sc_hd__or4bb_4 in file
Renaming original cell to sky130_fd_sc_hd__or4bb_4[[0]]
Duplicate cell sky130_fd_sc_hd__probe_p_8 in file
Renaming original cell to sky130_fd_sc_hd__probe_p_8[[0]]
Duplicate cell sky130_fd_sc_hd__probec_p_8 in file
Renaming original cell to sky130_fd_sc_hd__probec_p_8[[0]]
Duplicate cell sky130_fd_sc_hd__sdfbbn_1 in file
Renaming original cell to sky130_fd_sc_hd__sdfbbn_1[[0]]
Duplicate cell sky130_fd_sc_hd__sdfbbn_2 in file
Renaming original cell to sky130_fd_sc_hd__sdfbbn_2[[0]]
Duplicate cell sky130_fd_sc_hd__sdfbbp_1 in file
Renaming original cell to sky130_fd_sc_hd__sdfbbp_1[[0]]
Duplicate cell sky130_fd_sc_hd__sdfrbp_1 in file
Renaming original cell to sky130_fd_sc_hd__sdfrbp_1[[0]]
Duplicate cell sky130_fd_sc_hd__sdfrbp_2 in file
Renaming original cell to sky130_fd_sc_hd__sdfrbp_2[[0]]
Duplicate cell sky130_fd_sc_hd__sdfrtn_1 in file
Renaming original cell to sky130_fd_sc_hd__sdfrtn_1[[0]]
Duplicate cell sky130_fd_sc_hd__sdfrtp_1 in file
Renaming original cell to sky130_fd_sc_hd__sdfrtp_1[[0]]
Duplicate cell sky130_fd_sc_hd__sdfrtp_2 in file
Renaming original cell to sky130_fd_sc_hd__sdfrtp_2[[0]]
Duplicate cell sky130_fd_sc_hd__sdfrtp_4 in file
Renaming original cell to sky130_fd_sc_hd__sdfrtp_4[[0]]
Duplicate cell sky130_fd_sc_hd__sdfsbp_1 in file
Renaming original cell to sky130_fd_sc_hd__sdfsbp_1[[0]]
Duplicate cell sky130_fd_sc_hd__sdfsbp_2 in file
Renaming original cell to sky130_fd_sc_hd__sdfsbp_2[[0]]
Duplicate cell sky130_fd_sc_hd__sdfstp_1 in file
Renaming original cell to sky130_fd_sc_hd__sdfstp_1[[0]]
Duplicate cell sky130_fd_sc_hd__sdfstp_2 in file
Renaming original cell to sky130_fd_sc_hd__sdfstp_2[[0]]
Duplicate cell sky130_fd_sc_hd__sdfstp_4 in file
Renaming original cell to sky130_fd_sc_hd__sdfstp_4[[0]]
Duplicate cell sky130_fd_sc_hd__sdfxbp_1 in file
Renaming original cell to sky130_fd_sc_hd__sdfxbp_1[[0]]
Duplicate cell sky130_fd_sc_hd__sdfxbp_2 in file
Renaming original cell to sky130_fd_sc_hd__sdfxbp_2[[0]]
Duplicate cell sky130_fd_sc_hd__sdfxtp_1 in file
Renaming original cell to sky130_fd_sc_hd__sdfxtp_1[[0]]
Duplicate cell sky130_fd_sc_hd__sdfxtp_2 in file
Renaming original cell to sky130_fd_sc_hd__sdfxtp_2[[0]]
Duplicate cell sky130_fd_sc_hd__sdfxtp_4 in file
Renaming original cell to sky130_fd_sc_hd__sdfxtp_4[[0]]
Duplicate cell sky130_fd_sc_hd__sdlclkp_1 in file
Renaming original cell to sky130_fd_sc_hd__sdlclkp_1[[0]]
Duplicate cell sky130_fd_sc_hd__sdlclkp_2 in file
Renaming original cell to sky130_fd_sc_hd__sdlclkp_2[[0]]
Duplicate cell sky130_fd_sc_hd__sdlclkp_4 in file
Renaming original cell to sky130_fd_sc_hd__sdlclkp_4[[0]]
Duplicate cell sky130_fd_sc_hd__sedfxbp_1 in file
Renaming original cell to sky130_fd_sc_hd__sedfxbp_1[[0]]
Duplicate cell sky130_fd_sc_hd__sedfxbp_2 in file
Renaming original cell to sky130_fd_sc_hd__sedfxbp_2[[0]]
Duplicate cell sky130_fd_sc_hd__sedfxtp_1 in file
Renaming original cell to sky130_fd_sc_hd__sedfxtp_1[[0]]
Duplicate cell sky130_fd_sc_hd__sedfxtp_2 in file
Renaming original cell to sky130_fd_sc_hd__sedfxtp_2[[0]]
Duplicate cell sky130_fd_sc_hd__sedfxtp_4 in file
Renaming original cell to sky130_fd_sc_hd__sedfxtp_4[[0]]
Duplicate cell sky130_fd_sc_hd__tap_1 in file
Renaming original cell to sky130_fd_sc_hd__tap_1[[0]]
Duplicate cell sky130_fd_sc_hd__tap_2 in file
Renaming original cell to sky130_fd_sc_hd__tap_2[[0]]
Duplicate cell sky130_fd_sc_hd__tapvgnd2_1 in file
Renaming original cell to sky130_fd_sc_hd__tapvgnd2_1[[0]]
Duplicate cell sky130_fd_sc_hd__tapvgnd_1 in file
Renaming original cell to sky130_fd_sc_hd__tapvgnd_1[[0]]
Duplicate cell sky130_fd_sc_hd__tapvpwrvgnd_1 in file
Renaming original cell to sky130_fd_sc_hd__tapvpwrvgnd_1[[0]]
Duplicate cell sky130_fd_sc_hd__xnor2_1 in file
Renaming original cell to sky130_fd_sc_hd__xnor2_1[[0]]
Duplicate cell sky130_fd_sc_hd__xnor2_2 in file
Renaming original cell to sky130_fd_sc_hd__xnor2_2[[0]]
Duplicate cell sky130_fd_sc_hd__xnor2_4 in file
Renaming original cell to sky130_fd_sc_hd__xnor2_4[[0]]
Duplicate cell sky130_fd_sc_hd__xnor3_1 in file
Renaming original cell to sky130_fd_sc_hd__xnor3_1[[0]]
Duplicate cell sky130_fd_sc_hd__xnor3_2 in file
Renaming original cell to sky130_fd_sc_hd__xnor3_2[[0]]
Duplicate cell sky130_fd_sc_hd__xnor3_4 in file
Renaming original cell to sky130_fd_sc_hd__xnor3_4[[0]]
Duplicate cell sky130_fd_sc_hd__xor2_1 in file
Renaming original cell to sky130_fd_sc_hd__xor2_1[[0]]
Duplicate cell sky130_fd_sc_hd__xor2_2 in file
Renaming original cell to sky130_fd_sc_hd__xor2_2[[0]]
Duplicate cell sky130_fd_sc_hd__xor2_4 in file
Renaming original cell to sky130_fd_sc_hd__xor2_4[[0]]
Duplicate cell sky130_fd_sc_hd__xor3_1 in file
Renaming original cell to sky130_fd_sc_hd__xor3_1[[0]]
Duplicate cell sky130_fd_sc_hd__xor3_2 in file
Renaming original cell to sky130_fd_sc_hd__xor3_2[[0]]
Duplicate cell sky130_fd_sc_hd__xor3_4 in file
Renaming original cell to sky130_fd_sc_hd__xor3_4[[0]]

Reading setup file /usr/local/share/pdk/sky130A/libs.tech/netgen/sky130A_setup.tcl

Model sky130_fd_pr__res_generic_po pin 1 == 2
No property value found for device sky130_fd_pr__res_generic_po
No property mult found for device sky130_fd_pr__res_generic_po
Model sky130_fd_pr__nfet_01v8 pin 1 == 3
No property mult found for device sky130_fd_pr__nfet_01v8
No property sa found for device sky130_fd_pr__nfet_01v8
No property sb found for device sky130_fd_pr__nfet_01v8
No property sd found for device sky130_fd_pr__nfet_01v8
No property nf found for device sky130_fd_pr__nfet_01v8
No property nrd found for device sky130_fd_pr__nfet_01v8
No property nrs found for device sky130_fd_pr__nfet_01v8
No property area found for device sky130_fd_pr__nfet_01v8
No property perim found for device sky130_fd_pr__nfet_01v8
No property topography found for device sky130_fd_pr__nfet_01v8
Model sky130_fd_pr__nfet_01v8 pin 1 == 3
No property as found for device sky130_fd_pr__nfet_01v8
No property ad found for device sky130_fd_pr__nfet_01v8
No property ps found for device sky130_fd_pr__nfet_01v8
No property pd found for device sky130_fd_pr__nfet_01v8
No property mult found for device sky130_fd_pr__nfet_01v8
No property sa found for device sky130_fd_pr__nfet_01v8
No property sb found for device sky130_fd_pr__nfet_01v8
No property sd found for device sky130_fd_pr__nfet_01v8
No property nrd found for device sky130_fd_pr__nfet_01v8
No property nrs found for device sky130_fd_pr__nfet_01v8
No property area found for device sky130_fd_pr__nfet_01v8
No property perim found for device sky130_fd_pr__nfet_01v8
No property topography found for device sky130_fd_pr__nfet_01v8
Model sky130_fd_pr__nfet_01v8_lvt pin 1 == 3
No property mult found for device sky130_fd_pr__nfet_01v8_lvt
No property sa found for device sky130_fd_pr__nfet_01v8_lvt
No property sb found for device sky130_fd_pr__nfet_01v8_lvt
No property sd found for device sky130_fd_pr__nfet_01v8_lvt
No property nf found for device sky130_fd_pr__nfet_01v8_lvt
No property nrd found for device sky130_fd_pr__nfet_01v8_lvt
No property nrs found for device sky130_fd_pr__nfet_01v8_lvt
No property area found for device sky130_fd_pr__nfet_01v8_lvt
No property perim found for device sky130_fd_pr__nfet_01v8_lvt
No property topography found for device sky130_fd_pr__nfet_01v8_lvt
Model sky130_fd_pr__nfet_01v8_lvt pin 1 == 3
No property as found for device sky130_fd_pr__nfet_01v8_lvt
No property ad found for device sky130_fd_pr__nfet_01v8_lvt
No property ps found for device sky130_fd_pr__nfet_01v8_lvt
No property pd found for device sky130_fd_pr__nfet_01v8_lvt
No property mult found for device sky130_fd_pr__nfet_01v8_lvt
No property sa found for device sky130_fd_pr__nfet_01v8_lvt
No property sb found for device sky130_fd_pr__nfet_01v8_lvt
No property sd found for device sky130_fd_pr__nfet_01v8_lvt
No property nrd found for device sky130_fd_pr__nfet_01v8_lvt
No property nrs found for device sky130_fd_pr__nfet_01v8_lvt
No property area found for device sky130_fd_pr__nfet_01v8_lvt
No property perim found for device sky130_fd_pr__nfet_01v8_lvt
No property topography found for device sky130_fd_pr__nfet_01v8_lvt
Model sky130_fd_pr__pfet_01v8 pin 1 == 3
No property mult found for device sky130_fd_pr__pfet_01v8
No property sa found for device sky130_fd_pr__pfet_01v8
No property sb found for device sky130_fd_pr__pfet_01v8
No property sd found for device sky130_fd_pr__pfet_01v8
No property nf found for device sky130_fd_pr__pfet_01v8
No property nrd found for device sky130_fd_pr__pfet_01v8
No property nrs found for device sky130_fd_pr__pfet_01v8
No property area found for device sky130_fd_pr__pfet_01v8
No property perim found for device sky130_fd_pr__pfet_01v8
No property topography found for device sky130_fd_pr__pfet_01v8
Model sky130_fd_pr__pfet_01v8 pin 1 == 3
No property as found for device sky130_fd_pr__pfet_01v8
No property ad found for device sky130_fd_pr__pfet_01v8
No property ps found for device sky130_fd_pr__pfet_01v8
No property pd found for device sky130_fd_pr__pfet_01v8
No property mult found for device sky130_fd_pr__pfet_01v8
No property sa found for device sky130_fd_pr__pfet_01v8
No property sb found for device sky130_fd_pr__pfet_01v8
No property sd found for device sky130_fd_pr__pfet_01v8
No property nrd found for device sky130_fd_pr__pfet_01v8
No property nrs found for device sky130_fd_pr__pfet_01v8
No property area found for device sky130_fd_pr__pfet_01v8
No property perim found for device sky130_fd_pr__pfet_01v8
No property topography found for device sky130_fd_pr__pfet_01v8
Model sky130_fd_pr__pfet_01v8_lvt pin 1 == 3
No property mult found for device sky130_fd_pr__pfet_01v8_lvt
No property sa found for device sky130_fd_pr__pfet_01v8_lvt
No property sb found for device sky130_fd_pr__pfet_01v8_lvt
No property sd found for device sky130_fd_pr__pfet_01v8_lvt
No property nf found for device sky130_fd_pr__pfet_01v8_lvt
No property nrd found for device sky130_fd_pr__pfet_01v8_lvt
No property nrs found for device sky130_fd_pr__pfet_01v8_lvt
No property area found for device sky130_fd_pr__pfet_01v8_lvt
No property perim found for device sky130_fd_pr__pfet_01v8_lvt
No property topography found for device sky130_fd_pr__pfet_01v8_lvt
Model sky130_fd_pr__pfet_01v8_lvt pin 1 == 3
No property as found for device sky130_fd_pr__pfet_01v8_lvt
No property ad found for device sky130_fd_pr__pfet_01v8_lvt
No property ps found for device sky130_fd_pr__pfet_01v8_lvt
No property pd found for device sky130_fd_pr__pfet_01v8_lvt
No property mult found for device sky130_fd_pr__pfet_01v8_lvt
No property sa found for device sky130_fd_pr__pfet_01v8_lvt
No property sb found for device sky130_fd_pr__pfet_01v8_lvt
No property sd found for device sky130_fd_pr__pfet_01v8_lvt
No property nrd found for device sky130_fd_pr__pfet_01v8_lvt
No property nrs found for device sky130_fd_pr__pfet_01v8_lvt
No property area found for device sky130_fd_pr__pfet_01v8_lvt
No property perim found for device sky130_fd_pr__pfet_01v8_lvt
No property topography found for device sky130_fd_pr__pfet_01v8_lvt
Model sky130_fd_pr__pfet_01v8_hvt pin 1 == 3
No property mult found for device sky130_fd_pr__pfet_01v8_hvt
No property sa found for device sky130_fd_pr__pfet_01v8_hvt
No property sb found for device sky130_fd_pr__pfet_01v8_hvt
No property sd found for device sky130_fd_pr__pfet_01v8_hvt
No property nf found for device sky130_fd_pr__pfet_01v8_hvt
No property nrd found for device sky130_fd_pr__pfet_01v8_hvt
No property nrs found for device sky130_fd_pr__pfet_01v8_hvt
No property area found for device sky130_fd_pr__pfet_01v8_hvt
No property perim found for device sky130_fd_pr__pfet_01v8_hvt
No property topography found for device sky130_fd_pr__pfet_01v8_hvt
Model sky130_fd_pr__pfet_01v8_hvt pin 1 == 3
No property as found for device sky130_fd_pr__pfet_01v8_hvt
No property ad found for device sky130_fd_pr__pfet_01v8_hvt
No property ps found for device sky130_fd_pr__pfet_01v8_hvt
No property pd found for device sky130_fd_pr__pfet_01v8_hvt
No property mult found for device sky130_fd_pr__pfet_01v8_hvt
No property sa found for device sky130_fd_pr__pfet_01v8_hvt
No property sb found for device sky130_fd_pr__pfet_01v8_hvt
No property sd found for device sky130_fd_pr__pfet_01v8_hvt
No property nf found for device sky130_fd_pr__pfet_01v8_hvt
No property nrd found for device sky130_fd_pr__pfet_01v8_hvt
No property nrs found for device sky130_fd_pr__pfet_01v8_hvt
No property area found for device sky130_fd_pr__pfet_01v8_hvt
No property perim found for device sky130_fd_pr__pfet_01v8_hvt
No property topography found for device sky130_fd_pr__pfet_01v8_hvt
Model sky130_fd_pr__special_nfet_01v8 pin 1 == 3
No property as found for device sky130_fd_pr__special_nfet_01v8
No property ad found for device sky130_fd_pr__special_nfet_01v8
No property ps found for device sky130_fd_pr__special_nfet_01v8
No property pd found for device sky130_fd_pr__special_nfet_01v8
No property mult found for device sky130_fd_pr__special_nfet_01v8
No property sa found for device sky130_fd_pr__special_nfet_01v8
No property sb found for device sky130_fd_pr__special_nfet_01v8
No property sd found for device sky130_fd_pr__special_nfet_01v8
No property nf found for device sky130_fd_pr__special_nfet_01v8
No property nrd found for device sky130_fd_pr__special_nfet_01v8
No property nrs found for device sky130_fd_pr__special_nfet_01v8
No property area found for device sky130_fd_pr__special_nfet_01v8
No property perim found for device sky130_fd_pr__special_nfet_01v8
No property topography found for device sky130_fd_pr__special_nfet_01v8
Model sky130_fd_pr__special_pfet_01v8_hvt pin 1 == 3
No property as found for device sky130_fd_pr__special_pfet_01v8_hvt
No property ad found for device sky130_fd_pr__special_pfet_01v8_hvt
No property ps found for device sky130_fd_pr__special_pfet_01v8_hvt
No property pd found for device sky130_fd_pr__special_pfet_01v8_hvt
No property mult found for device sky130_fd_pr__special_pfet_01v8_hvt
No property sa found for device sky130_fd_pr__special_pfet_01v8_hvt
No property sb found for device sky130_fd_pr__special_pfet_01v8_hvt
No property sd found for device sky130_fd_pr__special_pfet_01v8_hvt
No property nf found for device sky130_fd_pr__special_pfet_01v8_hvt
No property nrd found for device sky130_fd_pr__special_pfet_01v8_hvt
No property nrs found for device sky130_fd_pr__special_pfet_01v8_hvt
No property area found for device sky130_fd_pr__special_pfet_01v8_hvt
No property perim found for device sky130_fd_pr__special_pfet_01v8_hvt
No property topography found for device sky130_fd_pr__special_pfet_01v8_hvt
No property value found for device sky130_fd_pr__diode_pw2nd_05v5
No property mult found for device sky130_fd_pr__diode_pw2nd_05v5
Comparison output logged to file /home/mthudaa/Documents/Time_Domain_Comparator_ITS/mag/tdc.lvs.out
Logging to file "/home/mthudaa/Documents/Time_Domain_Comparator_ITS/mag/tdc.lvs.out" enabled
Circuit sky130_fd_pr__pfet_01v8 contains no devices.
Circuit sky130_fd_pr__nfet_01v8 contains no devices.
Circuit sky130_fd_pr__pfet_01v8_hvt contains no devices.
Circuit sky130_fd_pr__pfet_01v8_lvt contains no devices.
Circuit sky130_fd_pr__nfet_01v8_lvt contains no devices.

Contents of circuit 1:  Circuit: 'sky130_fd_sc_hd__nand2_1'
Circuit sky130_fd_sc_hd__nand2_1 contains 4 device instances.
  Class: sky130_fd_pr__nfet_01v8 instances:   2
  Class: sky130_fd_pr__pfet_01v8_hvt instances:   2
Circuit contains 8 nets.
Contents of circuit 2:  Circuit: 'sky130_fd_sc_hd__nand2_1'
Circuit sky130_fd_sc_hd__nand2_1 contains 4 device instances.
  Class: sky130_fd_pr__nfet_01v8 instances:   2
  Class: sky130_fd_pr__pfet_01v8_hvt instances:   2
Circuit contains 8 nets.

Circuit 1 contains 4 devices, Circuit 2 contains 4 devices.
Circuit 1 contains 8 nets,    Circuit 2 contains 8 nets.


Contents of circuit 1:  Circuit: 'sky130_fd_sc_hd__nand2_1'
Circuit sky130_fd_sc_hd__nand2_1 contains 4 device instances.
  Class: sky130_fd_pr__nfet_01v8 instances:   2
  Class: sky130_fd_pr__pfet_01v8_hvt instances:   2
Circuit contains 8 nets.
Contents of circuit 2:  Circuit: 'sky130_fd_sc_hd__nand2_1[[0]]'
Circuit sky130_fd_sc_hd__nand2_1[[0]] contains 4 device instances.
  Class: sky130_fd_pr__nfet_01v8 instances:   2
  Class: sky130_fd_pr__pfet_01v8_hvt instances:   2
Circuit contains 8 nets.

Circuit 1 contains 4 devices, Circuit 2 contains 4 devices.
Circuit 1 contains 8 nets,    Circuit 2 contains 8 nets.


Contents of circuit 1:  Circuit: 'sky130_fd_sc_hd__inv_8'
Circuit sky130_fd_sc_hd__inv_8 contains 16 device instances.
  Class: sky130_fd_pr__nfet_01v8 instances:   8
  Class: sky130_fd_pr__pfet_01v8_hvt instances:   8
Circuit contains 6 nets.
Contents of circuit 2:  Circuit: 'sky130_fd_sc_hd__inv_8'
Circuit sky130_fd_sc_hd__inv_8 contains 16 device instances.
  Class: sky130_fd_pr__nfet_01v8 instances:   8
  Class: sky130_fd_pr__pfet_01v8_hvt instances:   8
Circuit contains 6 nets.

Circuit was modified by parallel/series device merging.
New circuit summary:

Contents of circuit 1:  Circuit: 'sky130_fd_sc_hd__inv_8'
Circuit sky130_fd_sc_hd__inv_8 contains 2 device instances.
  Class: sky130_fd_pr__nfet_01v8 instances:   1
  Class: sky130_fd_pr__pfet_01v8_hvt instances:   1
Circuit contains 6 nets.
Contents of circuit 2:  Circuit: 'sky130_fd_sc_hd__inv_8'
Circuit sky130_fd_sc_hd__inv_8 contains 2 device instances.
  Class: sky130_fd_pr__nfet_01v8 instances:   1
  Class: sky130_fd_pr__pfet_01v8_hvt instances:   1
Circuit contains 6 nets.

Circuit 1 contains 2 devices, Circuit 2 contains 2 devices.
Circuit 1 contains 6 nets,    Circuit 2 contains 6 nets.


Contents of circuit 1:  Circuit: 'phase_detector'
Circuit phase_detector contains 12 device instances.
  Class: sky130_fd_pr__nfet_01v8 instances:   4
  Class: sky130_fd_sc_hd__nand2_1 instances:   2
  Class: sky130_fd_pr__pfet_01v8 instances:   6
Circuit contains 12 nets.
Contents of circuit 2:  Circuit: 'phase_detector'
Circuit phase_detector contains 12 device instances.
  Class: sky130_fd_pr__nfet_01v8 instances:   4
  Class: sky130_fd_pr__pfet_01v8 instances:   6
  Class: sky130_fd_sc_hd__nand2_1[[0]] instances:   2
Circuit contains 12 nets.

Circuit 1 contains 12 devices, Circuit 2 contains 12 devices.
Circuit 1 contains 12 nets,    Circuit 2 contains 12 nets.


Contents of circuit 1:  Circuit: 'delay_element'
Circuit delay_element contains 6 device instances.
  Class: sky130_fd_pr__nfet_01v8_lvt instances:   3
  Class: sky130_fd_pr__pfet_01v8_lvt instances:   3
Circuit contains 9 nets.
Contents of circuit 2:  Circuit: 'delay_element'
Circuit delay_element contains 6 device instances.
  Class: sky130_fd_pr__nfet_01v8_lvt instances:   3
  Class: sky130_fd_pr__pfet_01v8_lvt instances:   3
Circuit contains 9 nets.

Circuit 1 contains 6 devices, Circuit 2 contains 6 devices.
Circuit 1 contains 9 nets,    Circuit 2 contains 9 nets.


Contents of circuit 1:  Circuit: 'sky130_fd_sc_hd__inv_8'
Circuit sky130_fd_sc_hd__inv_8 contains 2 device instances.
  Class: sky130_fd_pr__nfet_01v8 instances:   1
  Class: sky130_fd_pr__pfet_01v8_hvt instances:   1
Circuit contains 6 nets.
Contents of circuit 2:  Circuit: 'sky130_fd_sc_hd__inv_8[[0]]'
Circuit sky130_fd_sc_hd__inv_8[[0]] contains 16 device instances.
  Class: sky130_fd_pr__nfet_01v8 instances:   8
  Class: sky130_fd_pr__pfet_01v8_hvt instances:   8
Circuit contains 6 nets.

Circuit was modified by parallel/series device merging.
New circuit summary:

Contents of circuit 1:  Circuit: 'sky130_fd_sc_hd__inv_8'
Circuit sky130_fd_sc_hd__inv_8 contains 2 device instances.
  Class: sky130_fd_pr__nfet_01v8 instances:   1
  Class: sky130_fd_pr__pfet_01v8_hvt instances:   1
Circuit contains 6 nets.
Contents of circuit 2:  Circuit: 'sky130_fd_sc_hd__inv_8[[0]]'
Circuit sky130_fd_sc_hd__inv_8[[0]] contains 2 device instances.
  Class: sky130_fd_pr__nfet_01v8 instances:   1
  Class: sky130_fd_pr__pfet_01v8_hvt instances:   1
Circuit contains 6 nets.

Circuit 1 contains 2 devices, Circuit 2 contains 2 devices.
Circuit 1 contains 6 nets,    Circuit 2 contains 6 nets.


Contents of circuit 1:  Circuit: 'tdc'
Circuit tdc contains 5 device instances.
  Class: sky130_fd_sc_hd__inv_8 instances:   2
  Class: delay_element         instances:   2
  Class: phase_detector        instances:   1
Circuit contains 11 nets.
Contents of circuit 2:  Circuit: 'tdc'
Circuit tdc contains 5 device instances.
  Class: delay_element         instances:   2
  Class: phase_detector        instances:   1
  Class: sky130_fd_sc_hd__inv_8[[0]] instances:   2
Circuit contains 11 nets.

Circuit 1 contains 5 devices, Circuit 2 contains 5 devices.
Circuit 1 contains 11 nets,    Circuit 2 contains 11 nets.


Final result: 
Circuits match uniquely.
.

The following cells had property errors:
 phase_detector

Logging to file "/home/mthudaa/Documents/Time_Domain_Comparator_ITS/mag/tdc.lvs.out" disabled
LVS Done.
